[INFO] 2025-11-15 06:51:50 PM [main] [Tests.TC02_HomeTest.setup(TC02_HomeTest.java:31)] - Driver is opened
[INFO] 2025-11-15 06:51:51 PM [main] [Tests.TC02_HomeTest.setup(TC02_HomeTest.java:33)] - Page is redirected to base_url
[ERROR] 2025-11-15 06:52:02 PM [main] [Utilities.Utility.takeFullScreenshot(Utility.java:81)] - no such element: Unable to locate element: {"method":"css selector","selector":".shopping_cart_badge"}
  (Session info: MicrosoftEdge=141.0.3537.99)
For documentation on this error, please visit: https://www.selenium.dev/documentation/webdriver/troubleshooting/errors#nosuchelementexception
Build info: version: '4.37.0', revision: '3c1da1e342'
System info: os.name: 'Windows 10', os.arch: 'amd64', os.version: '10.0', java.version: '23.0.1'
Driver info: org.openqa.selenium.edge.EdgeDriver
Command: [af76f85f45bb304d8b5902937aa62391, findElement {using=class name, value=shopping_cart_badge}]
Capabilities {acceptInsecureCerts: false, browserName: MicrosoftEdge, browserVersion: 141.0.3537.99, fedcm:accounts: true, ms:edgeOptions: {debuggerAddress: localhost:60611}, msedge: {msedgedriverVersion: 141.0.3537.99 (1b2f83d6a142..., userDataDir: C:\Users\hp\AppData\Local\T...}, networkConnectionEnabled: false, pageLoadStrategy: normal, platformName: windows, proxy: Proxy(), se:cdp: ws://localhost:60611/devtoo..., se:cdpVersion: 141.0.3537.99, setWindowRect: true, strictFileInteractability: false, timeouts: {implicit: 0, pageLoad: 300000, script: 30000}, unhandledPromptBehavior: dismiss and notify, webauthn:extension:credBlob: true, webauthn:extension:largeBlob: true, webauthn:extension:minPinLength: true, webauthn:extension:prf: true, webauthn:virtualAuthenticators: true}
Session ID: af76f85f45bb304d8b5902937aa62391
[INFO] 2025-11-15 06:52:02 PM [main] [Listeners.ITestResultListenerClass.onTestStart(ITestResultListenerClass.java:10)] - Test Case addingRandomProductsToCartTC started
[INFO] 2025-11-15 06:52:02 PM [main] [Pages.P02_HomePage.addRandomProductNumberToCart(P02_HomePage.java:72)] - randomNumber 1
[INFO] 2025-11-15 06:52:03 PM [main] [Pages.P02_HomePage.addRandomProductNumberToCart(P02_HomePage.java:72)] - randomNumber 2
[INFO] 2025-11-15 06:52:03 PM [main] [Pages.P02_HomePage.addRandomProductNumberToCart(P02_HomePage.java:72)] - randomNumber 3
[INFO] 2025-11-15 06:52:03 PM [main] [Pages.P02_HomePage.getNumberOfProductOnCartIcon(P02_HomePage.java:44)] - number of products on cart icon: 3
[INFO] 2025-11-15 06:52:03 PM [main] [Pages.P02_HomePage.getNumberOfAllSelectedProducts(P02_HomePage.java:56)] - number of selected products: 3
[INFO] 2025-11-15 06:52:05 PM [main] [Listeners.ITestResultListenerClass.onTestSuccess(ITestResultListenerClass.java:14)] - Test Case addingRandomProductsToCartTC passed
[INFO] 2025-11-15 06:52:05 PM [main] [DriverFactory.DriverFactory.quitDriver(DriverFactory.java:44)] - Driver is closed
[ERROR] 2025-11-15 06:52:05 PM [main] [Utilities.Utility.takeFullScreenshot(Utility.java:81)] - Cannot invoke "org.openqa.selenium.JavascriptExecutor.executeScript(String, Object[])" because "js" is null
